<?xml version="1.0" encoding="UTF-8"?>
<!-- Generated by org.testng.reporters.JUnitReportReporter -->
<testsuite hostname="DESKTOP-7S7LCUO" failures="0" tests="6" name="parallel.ParallelRun" time="151.690" errors="0" timestamp="2024-04-02T14:50:43 IST" skipped="0">
  <testcase classname="parallel.ParallelRun" name="runScenario" time="25.940"/>
  <testcase classname="parallel.ParallelRun" name="runScenario" time="24.476"/>
  <testcase classname="parallel.ParallelRun" name="runScenario" time="24.476"/>
  <testcase classname="parallel.ParallelRun" name="runScenario" time="25.383"/>
  <testcase classname="parallel.ParallelRun" name="runScenario" time="25.586"/>
  <testcase classname="parallel.ParallelRun" name="runScenario" time="25.829"/>
</testsuite> <!-- parallel.ParallelRun -->
