<?xml version="1.0" encoding="UTF-8"?>
<!-- Generated by org.testng.reporters.JUnitReportReporter -->
<testsuite hostname="DESKTOP-7S7LCUO" failures="0" tests="6" name="stepDefination.ParallelRun" time="1.853" errors="6" timestamp="2024-04-02T11:22:09 IST" skipped="0">
  <testcase classname="stepDefination.ParallelRun" name="runScenario" time="0.289">
    <error message="Cannot invoke &quot;String.equals(Object)&quot; because &quot;browser&quot; is null" type="java.lang.NullPointerException">
      <![CDATA[java.lang.NullPointerException: Cannot invoke "String.equals(Object)" because "browser" is null
at driverFactory.DriverFactory.initDriver(DriverFactory.java:12)
at stepDefination.ApplicationHooks.launchBrowser(ApplicationHooks.java:34)
]]>
    </error>
  </testcase> <!-- runScenario -->
  <testcase classname="stepDefination.ParallelRun" name="runScenario" time="0.308">
    <error message="Cannot invoke &quot;String.equals(Object)&quot; because &quot;browser&quot; is null" type="java.lang.NullPointerException">
      <![CDATA[java.lang.NullPointerException: Cannot invoke "String.equals(Object)" because "browser" is null
at driverFactory.DriverFactory.initDriver(DriverFactory.java:12)
at stepDefination.ApplicationHooks.launchBrowser(ApplicationHooks.java:34)
]]>
    </error>
  </testcase> <!-- runScenario -->
  <testcase classname="stepDefination.ParallelRun" name="runScenario" time="0.287">
    <error message="Cannot invoke &quot;String.equals(Object)&quot; because &quot;browser&quot; is null" type="java.lang.NullPointerException">
      <![CDATA[java.lang.NullPointerException: Cannot invoke "String.equals(Object)" because "browser" is null
at driverFactory.DriverFactory.initDriver(DriverFactory.java:12)
at stepDefination.ApplicationHooks.launchBrowser(ApplicationHooks.java:34)
]]>
    </error>
  </testcase> <!-- runScenario -->
  <testcase classname="stepDefination.ParallelRun" name="runScenario" time="0.319">
    <error message="Cannot invoke &quot;String.equals(Object)&quot; because &quot;browser&quot; is null" type="java.lang.NullPointerException">
      <![CDATA[java.lang.NullPointerException: Cannot invoke "String.equals(Object)" because "browser" is null
at driverFactory.DriverFactory.initDriver(DriverFactory.java:12)
at stepDefination.ApplicationHooks.launchBrowser(ApplicationHooks.java:34)
]]>
    </error>
  </testcase> <!-- runScenario -->
  <testcase classname="stepDefination.ParallelRun" name="runScenario" time="0.323">
    <error message="Cannot invoke &quot;String.equals(Object)&quot; because &quot;browser&quot; is null" type="java.lang.NullPointerException">
      <![CDATA[java.lang.NullPointerException: Cannot invoke "String.equals(Object)" because "browser" is null
at driverFactory.DriverFactory.initDriver(DriverFactory.java:12)
at stepDefination.ApplicationHooks.launchBrowser(ApplicationHooks.java:34)
]]>
    </error>
  </testcase> <!-- runScenario -->
  <testcase classname="stepDefination.ParallelRun" name="runScenario" time="0.327">
    <error message="Cannot invoke &quot;String.equals(Object)&quot; because &quot;browser&quot; is null" type="java.lang.NullPointerException">
      <![CDATA[java.lang.NullPointerException: Cannot invoke "String.equals(Object)" because "browser" is null
at driverFactory.DriverFactory.initDriver(DriverFactory.java:12)
at stepDefination.ApplicationHooks.launchBrowser(ApplicationHooks.java:34)
]]>
    </error>
  </testcase> <!-- runScenario -->
</testsuite> <!-- stepDefination.ParallelRun -->
