<?xml version="1.0" encoding="UTF-8"?>
<!-- Generated by org.testng.reporters.JUnitReportReporter -->
<testsuite hostname="DESKTOP-7S7LCUO" failures="0" tests="6" name="parallel.ParallelRun" time="39.657" errors="0" timestamp="2024-04-04T11:16:39 IST" skipped="0">
  <testcase classname="parallel.ParallelRun" name="runScenario" time="5.768"/>
  <testcase classname="parallel.ParallelRun" name="runScenario" time="6.346"/>
  <testcase classname="parallel.ParallelRun" name="runScenario" time="7.479"/>
  <testcase classname="parallel.ParallelRun" name="runScenario" time="5.596"/>
  <testcase classname="parallel.ParallelRun" name="runScenario" time="7.833"/>
  <testcase classname="parallel.ParallelRun" name="runScenario" time="6.635"/>
</testsuite> <!-- parallel.ParallelRun -->
